        -:    0:Source:my_strlen.c
        -:    0:Graph:my_strlen.gcno
        -:    0:Data:my_strlen.gcda
        -:    0:Runs:3
        -:    0:Programs:1
        -:    1:/*
        -:    2:** my_strlen.c for  in /home/mex/astekance/Live-Coding-Units-Tests/live_coding/TU
        -:    3:** 
        -:    4:** Made by MextheGoodGuy
        -:    5:** Login   <maximilien.oteifeh-pfennig@epitech.eu>
        -:    6:** 
        -:    7:** Started on  Wed Apr 11 10:44:55 2018 MextheGoodGuy
        -:    8:** Last update Wed Apr 11 10:46:23 2018 MextheGoodGuy
        -:    9:*/
        -:   10:
        2:   11:int	my_strlen(const char* str)
        -:   12:{
        -:   13:  int	i;
        -:   14:
        8:   15:  for (i = 0; str[i]; ++i);
        2:   16:  return (i);
        -:   17:}
